<?xml version="1.0" encoding="UTF-8"?>
<!-- Generated by org.testng.reporters.JUnitReportReporter -->
<testsuite hostname="LAPTOP-P6I5ANOL" failures="0" tests="1" name="testRunners.Runner" time="5.083" errors="0" timestamp="2022-09-29T20:03:44 EDT" skipped="0">
  <testcase classname="testRunners.Runner" name="runScenario" time="5.083"/>
  <system-out/>
</testsuite> <!-- testRunners.Runner -->
