<?xml version="1.0" encoding="UTF-8"?>
<!-- Generated by org.testng.reporters.JUnitReportReporter -->
<testsuite hostname="LAPTOP-P6I5ANOL" failures="0" tests="1" name="cucumber.DataDriven.PropertiesPractice" time="7.670" errors="0" timestamp="2022-08-27T12:06:41 EDT" skipped="0">
  <testcase classname="cucumber.DataDriven.PropertiesPractice" name="initialization" time="7.670"/>
  <system-out/>
</testsuite> <!-- cucumber.DataDriven.PropertiesPractice -->
