<?xml version="1.0" encoding="UTF-8"?>
<!-- Generated by org.testng.reporters.JUnitReportReporter -->
<testsuite hostname="LAPTOP-P6I5ANOL" failures="0" tests="1" name="cucumber.POM.TestCase2" time="0.007" errors="0" timestamp="2022-08-29T14:46:53 EDT" skipped="0">
  <testcase classname="cucumber.POM.TestCase2" name="verifyLink" time="0.007"/>
  <system-out/>
</testsuite> <!-- cucumber.POM.TestCase2 -->
