<?xml version="1.0" encoding="UTF-8"?>
<!-- Generated by org.testng.reporters.JUnitReportReporter -->
<testsuite hostname="LAPTOP-P6I5ANOL" failures="0" tests="1" name="cucumber.POM.Test1" time="0.007" errors="0" timestamp="2022-09-08T11:47:02 EDT" skipped="0">
  <testcase classname="cucumber.POM.Test1" name="test" time="0.007"/>
  <system-out/>
</testsuite> <!-- cucumber.POM.Test1 -->
