<?xml version="1.0" encoding="UTF-8"?>
<!-- Generated by org.testng.reporters.JUnitReportReporter -->
<testsuite hostname="LAPTOP-P6I5ANOL" failures="0" tests="1" name="cucumber.POM.Test1" time="0.004" errors="0" timestamp="2022-09-06T20:32:59 EDT" skipped="0">
  <testcase classname="cucumber.POM.Test1" name="test" time="0.004"/>
  <system-out/>
</testsuite> <!-- cucumber.POM.Test1 -->
